q:\projects\usb plugin\plugin\serialportnativeplugin\usbserialport\usbserialport\x64\debug\usbserialport.pch
q:\projects\usb plugin\plugin\serialportnativeplugin\usbserialport\usbserialport\x64\debug\vc143.pdb
q:\projects\usb plugin\plugin\serialportnativeplugin\usbserialport\usbserialport\x64\debug\vc143.idb
q:\projects\usb plugin\plugin\serialportnativeplugin\usbserialport\usbserialport\x64\debug\pch.obj
q:\projects\usb plugin\plugin\serialportnativeplugin\usbserialport\usbserialport\x64\debug\managedserialport.obj
q:\projects\usb plugin\plugin\serialportnativeplugin\usbserialport\usbserialport\x64\debug\serialport.obj
q:\projects\usb plugin\plugin\serialportnativeplugin\usbserialport\usbserialport\x64\debug\dllmain.obj
q:\projects\usb plugin\plugin\serialportnativeplugin\usbserialport\x64\debug\usbserialport.dll
q:\projects\usb plugin\plugin\serialportnativeplugin\usbserialport\x64\debug\usbserialport.pdb
q:\projects\usb plugin\plugin\serialportnativeplugin\usbserialport\x64\debug\usbserialport.lib
q:\projects\usb plugin\plugin\serialportnativeplugin\usbserialport\x64\debug\usbserialport.exp
q:\projects\usb plugin\plugin\serialportnativeplugin\usbserialport\usbserialport\x64\debug\usbserialport.ilk
q:\projects\usb plugin\plugin\serialportnativeplugin\usbserialport\usbserialport\x64\debug\usbserialport.tlog\cl.command.1.tlog
q:\projects\usb plugin\plugin\serialportnativeplugin\usbserialport\usbserialport\x64\debug\usbserialport.tlog\cl.items.tlog
q:\projects\usb plugin\plugin\serialportnativeplugin\usbserialport\usbserialport\x64\debug\usbserialport.tlog\cl.read.1.tlog
q:\projects\usb plugin\plugin\serialportnativeplugin\usbserialport\usbserialport\x64\debug\usbserialport.tlog\cl.write.1.tlog
q:\projects\usb plugin\plugin\serialportnativeplugin\usbserialport\usbserialport\x64\debug\usbserialport.tlog\link.command.1.tlog
q:\projects\usb plugin\plugin\serialportnativeplugin\usbserialport\usbserialport\x64\debug\usbserialport.tlog\link.read.1.tlog
q:\projects\usb plugin\plugin\serialportnativeplugin\usbserialport\usbserialport\x64\debug\usbserialport.tlog\link.secondary.1.tlog
q:\projects\usb plugin\plugin\serialportnativeplugin\usbserialport\usbserialport\x64\debug\usbserialport.tlog\link.write.1.tlog
